<?xml version="1.0" encoding="UTF-8"?>
<TestRun id="083a3f73-8c17-4576-92ce-58fd69b34c10" name="DRobertson@DALLAP856050RQG 2013-07-26 17:32:45" runUser="BROWER\DRobertson" xmlns="http://microsoft.com/schemas/VisualStudio/TeamTest/2010">
  <TestSettings name="Local" id="b69bb56d-6a7a-490e-820b-0577eff70bc1">
    <Description>These are default test settings for a local test run.</Description>
    <Deployment enabled="false" runDeploymentRoot="DRobertson_DALLAP856050RQG 2013-07-26 17_32_45">
      <DeploymentItem filename="C:\Users\drobertson\Documents\GitHub\tetris-attack\Tetris Attack\TetrisAttackServer\bin\Debug\TetrisAttackServer.dll" />
    </Deployment>
    <Execution>
      <TestTypeSpecific />
      <AgentRule name="Execution Agents">
      </AgentRule>
    </Execution>
  </TestSettings>
  <Times creation="2013-07-26T17:32:45.6250229-05:00" queuing="2013-07-26T17:32:46.8330229-05:00" start="2013-07-26T17:32:46.8750229-05:00" finish="2013-07-26T17:32:48.1430229-05:00" />
  <ResultSummary outcome="Completed">
    <Counters total="1" executed="1" passed="1" error="0" failed="0" timeout="0" aborted="0" inconclusive="0" passedButRunAborted="0" notRunnable="0" notExecuted="0" disconnected="0" warning="0" completed="0" inProgress="0" pending="0" />
  </ResultSummary>
  <TestDefinitions>
    <UnitTest name="BuildNewBoardTest" storage="c:\users\drobertson\documents\github\tetris-attack\tetris attack\unittests\bin\debug\unittests.dll" id="ea0497f6-bf63-77ac-3dd0-095f959ab3a0">
      <Execution id="cb45fc38-6318-4939-8ebe-eec569cb4cc0" />
      <TestMethod codeBase="C:/Users/drobertson/Documents/GitHub/tetris-attack/Tetris Attack/UnitTests/bin/Debug/UnitTests.DLL" adapterTypeName="Microsoft.VisualStudio.TestTools.TestTypes.Unit.UnitTestAdapter, Microsoft.VisualStudio.QualityTools.Tips.UnitTest.Adapter, Version=10.0.0.0, Culture=neutral, PublicKeyToken=b03f5f7f11d50a3a" className="UnitTests.BoardTest, UnitTests, Version=1.0.0.0, Culture=neutral, PublicKeyToken=null" name="BuildNewBoardTest" />
    </UnitTest>
  </TestDefinitions>
  <TestLists>
    <TestList name="Results Not in a List" id="8c84fa94-04c1-424b-9868-57a2d4851a1d" />
    <TestList name="All Loaded Results" id="19431567-8539-422a-85d7-44ee4e166bda" />
  </TestLists>
  <TestEntries>
    <TestEntry testId="ea0497f6-bf63-77ac-3dd0-095f959ab3a0" executionId="cb45fc38-6318-4939-8ebe-eec569cb4cc0" testListId="8c84fa94-04c1-424b-9868-57a2d4851a1d" />
  </TestEntries>
  <Results>
    <UnitTestResult executionId="cb45fc38-6318-4939-8ebe-eec569cb4cc0" testId="ea0497f6-bf63-77ac-3dd0-095f959ab3a0" testName="BuildNewBoardTest" computerName="DALLAP856050RQG" duration="00:00:00.0169845" startTime="2013-07-26T17:32:46.9080229-05:00" endTime="2013-07-26T17:32:48.0990229-05:00" testType="13cdc9d9-ddb5-4fa4-a97d-d965ccfc6d4b" outcome="Passed" testListId="8c84fa94-04c1-424b-9868-57a2d4851a1d" relativeResultsDirectory="cb45fc38-6318-4939-8ebe-eec569cb4cc0">
    </UnitTestResult>
  </Results>
</TestRun>