<?xml version="1.0" encoding="UTF-8"?>
<TestRun id="5ca9b244-aa75-4033-8fb4-9324896680bc" name="DRobertson@DALLAP856050RQG 2013-07-26 17:17:10" runUser="BROWER\DRobertson" xmlns="http://microsoft.com/schemas/VisualStudio/TeamTest/2010">
  <TestSettings name="Local" id="b69bb56d-6a7a-490e-820b-0577eff70bc1">
    <Description>These are default test settings for a local test run.</Description>
    <Deployment enabled="false" runDeploymentRoot="DRobertson_DALLAP856050RQG 2013-07-26 17_17_10">
      <DeploymentItem filename="C:\Users\drobertson\Documents\GitHub\tetris-attack\Tetris Attack\TetrisAttackServer\bin\Debug\TetrisAttackServer.dll" />
    </Deployment>
    <Execution>
      <TestTypeSpecific />
      <AgentRule name="Execution Agents">
      </AgentRule>
    </Execution>
  </TestSettings>
  <Times creation="2013-07-26T17:17:10.7007045-05:00" queuing="2013-07-26T17:17:11.9189481-05:00" start="2013-07-26T17:17:11.9829609-05:00" finish="2013-07-26T17:17:13.4752593-05:00" />
  <ResultSummary outcome="Completed">
    <Counters total="1" executed="1" passed="1" error="0" failed="0" timeout="0" aborted="0" inconclusive="0" passedButRunAborted="0" notRunnable="0" notExecuted="0" disconnected="0" warning="0" completed="0" inProgress="0" pending="0" />
  </ResultSummary>
  <TestDefinitions>
    <UnitTest name="PushBlocksTest" storage="c:\users\drobertson\documents\github\tetris-attack\tetris attack\unittests\bin\debug\unittests.dll" id="35a948c7-e32f-bf2e-4e01-396181b97737">
      <Execution id="2b89c4d1-4391-487d-886a-8b2a86ee8b6e" />
      <TestMethod codeBase="C:/Users/drobertson/Documents/GitHub/tetris-attack/Tetris Attack/UnitTests/bin/Debug/UnitTests.DLL" adapterTypeName="Microsoft.VisualStudio.TestTools.TestTypes.Unit.UnitTestAdapter, Microsoft.VisualStudio.QualityTools.Tips.UnitTest.Adapter, Version=10.0.0.0, Culture=neutral, PublicKeyToken=b03f5f7f11d50a3a" className="UnitTests.BoardTest, UnitTests, Version=1.0.0.0, Culture=neutral, PublicKeyToken=null" name="PushBlocksTest" />
    </UnitTest>
  </TestDefinitions>
  <TestLists>
    <TestList name="Results Not in a List" id="8c84fa94-04c1-424b-9868-57a2d4851a1d" />
    <TestList name="All Loaded Results" id="19431567-8539-422a-85d7-44ee4e166bda" />
  </TestLists>
  <TestEntries>
    <TestEntry testId="35a948c7-e32f-bf2e-4e01-396181b97737" executionId="2b89c4d1-4391-487d-886a-8b2a86ee8b6e" testListId="8c84fa94-04c1-424b-9868-57a2d4851a1d" />
  </TestEntries>
  <Results>
    <UnitTestResult executionId="2b89c4d1-4391-487d-886a-8b2a86ee8b6e" testId="35a948c7-e32f-bf2e-4e01-396181b97737" testName="PushBlocksTest" computerName="DALLAP856050RQG" duration="00:00:00.0237318" startTime="2013-07-26T17:17:12.0249693-05:00" endTime="2013-07-26T17:17:13.4132469-05:00" testType="13cdc9d9-ddb5-4fa4-a97d-d965ccfc6d4b" outcome="Passed" testListId="8c84fa94-04c1-424b-9868-57a2d4851a1d" relativeResultsDirectory="2b89c4d1-4391-487d-886a-8b2a86ee8b6e">
    </UnitTestResult>
  </Results>
</TestRun>