<?xml version="1.0" encoding="UTF-8"?>
<TestRun id="a348d458-1844-44e8-ad6d-018c24072c82" name="DRobertson@DALLAP856050RQG 2013-07-26 16:48:36" runUser="BROWER\DRobertson" xmlns="http://microsoft.com/schemas/VisualStudio/TeamTest/2010">
  <TestSettings name="Local" id="b69bb56d-6a7a-490e-820b-0577eff70bc1">
    <Description>These are default test settings for a local test run.</Description>
    <Deployment enabled="false" runDeploymentRoot="DRobertson_DALLAP856050RQG 2013-07-26 16_48_36">
      <DeploymentItem filename="C:\Users\drobertson\Documents\GitHub\tetris-attack\Tetris Attack\TetrisAttackServer\bin\Debug\TetrisAttackServer.dll" />
    </Deployment>
    <Execution>
      <TestTypeSpecific />
      <AgentRule name="Execution Agents">
      </AgentRule>
    </Execution>
  </TestSettings>
  <Times creation="2013-07-26T16:48:36.5990310-05:00" queuing="2013-07-26T16:48:38.5760310-05:00" start="2013-07-26T16:48:38.6250310-05:00" finish="2013-07-26T16:48:40.2260310-05:00" />
  <ResultSummary outcome="Completed">
    <Counters total="1" executed="1" passed="1" error="0" failed="0" timeout="0" aborted="0" inconclusive="0" passedButRunAborted="0" notRunnable="0" notExecuted="0" disconnected="0" warning="0" completed="0" inProgress="0" pending="0" />
  </ResultSummary>
  <TestDefinitions>
    <UnitTest name="IsLoseConditionNotMet" storage="c:\users\drobertson\documents\github\tetris-attack\tetris attack\unittests\bin\debug\unittests.dll" id="775b675d-a211-9c3d-5a1d-cf006858e5cb">
      <Execution id="cce127c7-b55b-4d5e-9581-c6fc4f403e92" />
      <TestMethod codeBase="C:/Users/drobertson/Documents/GitHub/tetris-attack/Tetris Attack/UnitTests/bin/Debug/UnitTests.DLL" adapterTypeName="Microsoft.VisualStudio.TestTools.TestTypes.Unit.UnitTestAdapter, Microsoft.VisualStudio.QualityTools.Tips.UnitTest.Adapter, Version=10.0.0.0, Culture=neutral, PublicKeyToken=b03f5f7f11d50a3a" className="UnitTests.BoardTest, UnitTests, Version=1.0.0.0, Culture=neutral, PublicKeyToken=null" name="IsLoseConditionNotMet" />
    </UnitTest>
  </TestDefinitions>
  <TestLists>
    <TestList name="Results Not in a List" id="8c84fa94-04c1-424b-9868-57a2d4851a1d" />
    <TestList name="All Loaded Results" id="19431567-8539-422a-85d7-44ee4e166bda" />
  </TestLists>
  <TestEntries>
    <TestEntry testId="775b675d-a211-9c3d-5a1d-cf006858e5cb" executionId="cce127c7-b55b-4d5e-9581-c6fc4f403e92" testListId="8c84fa94-04c1-424b-9868-57a2d4851a1d" />
  </TestEntries>
  <Results>
    <UnitTestResult executionId="cce127c7-b55b-4d5e-9581-c6fc4f403e92" testId="775b675d-a211-9c3d-5a1d-cf006858e5cb" testName="IsLoseConditionNotMet" computerName="DALLAP856050RQG" duration="00:00:00.0197300" startTime="2013-07-26T16:48:38.6610310-05:00" endTime="2013-07-26T16:48:40.1680310-05:00" testType="13cdc9d9-ddb5-4fa4-a97d-d965ccfc6d4b" outcome="Passed" testListId="8c84fa94-04c1-424b-9868-57a2d4851a1d" relativeResultsDirectory="cce127c7-b55b-4d5e-9581-c6fc4f403e92">
    </UnitTestResult>
  </Results>
</TestRun>