<?xml version="1.0" encoding="UTF-8"?>
<TestRun id="5aa183ac-54e2-4c7c-b468-09de8508fe31" name="DRobertson@DALLAP856050RQG 2013-07-26 17:33:01" runUser="BROWER\DRobertson" xmlns="http://microsoft.com/schemas/VisualStudio/TeamTest/2010">
  <TestSettings name="Local" id="b69bb56d-6a7a-490e-820b-0577eff70bc1">
    <Description>These are default test settings for a local test run.</Description>
    <Deployment enabled="false" runDeploymentRoot="DRobertson_DALLAP856050RQG 2013-07-26 17_33_01">
      <DeploymentItem filename="C:\Users\drobertson\Documents\GitHub\tetris-attack\Tetris Attack\TetrisAttackServer\bin\Debug\TetrisAttackServer.dll" />
    </Deployment>
    <Execution>
      <TestTypeSpecific />
      <AgentRule name="Execution Agents">
      </AgentRule>
    </Execution>
  </TestSettings>
  <Times creation="2013-07-26T17:33:01.0910229-05:00" queuing="2013-07-26T17:33:02.1210229-05:00" start="2013-07-26T17:33:02.2390229-05:00" finish="2013-07-26T17:33:30.0700229-05:00" />
  <ResultSummary outcome="Error">
    <Counters total="1" executed="1" error="0" failed="0" timeout="0" aborted="1" inconclusive="0" passedButRunAborted="0" notRunnable="0" notExecuted="0" disconnected="0" warning="0" passed="0" completed="0" inProgress="0" pending="0" />
    <RunInfos>
      <RunInfo computerName="DALLAP856050RQG" outcome="Error" timestamp="2013-07-26T17:33:30.0150229-05:00">
        <Text>Test host process exited unexpectedly.</Text>
      </RunInfo>
    </RunInfos>
  </ResultSummary>
  <TestDefinitions>
    <UnitTest name="BuildNewBoardTest" storage="c:\users\drobertson\documents\github\tetris-attack\tetris attack\unittests\bin\debug\unittests.dll" id="ea0497f6-bf63-77ac-3dd0-095f959ab3a0">
      <Execution id="60c0d34e-b845-4cb9-96ae-99dafb9ca0bc" />
      <TestMethod codeBase="C:/Users/drobertson/Documents/GitHub/tetris-attack/Tetris Attack/UnitTests/bin/Debug/UnitTests.DLL" adapterTypeName="Microsoft.VisualStudio.TestTools.TestTypes.Unit.UnitTestAdapter, Microsoft.VisualStudio.QualityTools.Tips.UnitTest.Adapter, Version=10.0.0.0, Culture=neutral, PublicKeyToken=b03f5f7f11d50a3a" className="UnitTests.BoardTest, UnitTests, Version=1.0.0.0, Culture=neutral, PublicKeyToken=null" name="BuildNewBoardTest" />
    </UnitTest>
  </TestDefinitions>
  <TestLists>
    <TestList name="Results Not in a List" id="8c84fa94-04c1-424b-9868-57a2d4851a1d" />
    <TestList name="All Loaded Results" id="19431567-8539-422a-85d7-44ee4e166bda" />
  </TestLists>
  <TestEntries>
    <TestEntry testId="ea0497f6-bf63-77ac-3dd0-095f959ab3a0" executionId="60c0d34e-b845-4cb9-96ae-99dafb9ca0bc" testListId="8c84fa94-04c1-424b-9868-57a2d4851a1d" />
  </TestEntries>
  <Results>
    <UnitTestResult executionId="60c0d34e-b845-4cb9-96ae-99dafb9ca0bc" testId="ea0497f6-bf63-77ac-3dd0-095f959ab3a0" testName="BuildNewBoardTest" computerName="DALLAP856050RQG" duration="00:00:27.7070000" startTime="2013-07-26T17:33:02.3630229-05:00" endTime="2013-07-26T17:33:30.0700229-05:00" testType="13cdc9d9-ddb5-4fa4-a97d-d965ccfc6d4b" outcome="Aborted" testListId="8c84fa94-04c1-424b-9868-57a2d4851a1d" relativeResultsDirectory="60c0d34e-b845-4cb9-96ae-99dafb9ca0bc">
    </UnitTestResult>
  </Results>
</TestRun>